<?xml version="1.0" encoding="UTF-8"?>
<testng-results total="1" passed="1" failed="0" skipped="0">
  <reporter-output>
  </reporter-output>
  <suite started-at="2021-12-28T16:15:22Z" name="All Test Suite" finished-at="2021-12-28T16:15:36Z" duration-ms="13701">
    <groups>
      <group name="cucumber">
        <method signature="AbstractTestNGCucumberTests.feature(cucumber.api.testng.CucumberFeatureWrapper)[pri:0, instance:cucumberOptions.TestRunner@8317c52]" name="feature" class="cucumber.api.testng.AbstractTestNGCucumberTests"/>
      </group> <!-- cucumber -->
    </groups>
    <test started-at="2021-12-28T16:15:22Z" name="C:/Users/CRISTIAN SANDU/Desktop/Java IntelliJ/FrameWork" finished-at="2021-12-28T16:15:36Z" duration-ms="13701">
      <class name="cucumberOptions.TestRunner">
        <test-method is-config="true" signature="setUpClass()[pri:0, instance:cucumberOptions.TestRunner@8317c52]" started-at="2021-12-28T18:15:22Z" name="setUpClass" finished-at="2021-12-28T18:15:22Z" duration-ms="201" status="PASS">
          <reporter-output>
          </reporter-output>
        </test-method> <!-- setUpClass -->
        <test-method signature="feature(cucumber.api.testng.CucumberFeatureWrapper)[pri:0, instance:cucumberOptions.TestRunner@8317c52]" started-at="2021-12-28T18:15:22Z" name="feature" description="Runs Cucumber Feature" data-provider="features" finished-at="2021-12-28T18:15:36Z" duration-ms="13433" status="PASS">
          <params>
            <param index="0">
              <value>
                <![CDATA[Login into Application]]>
              </value>
            </param>
          </params>
          <reporter-output>
          </reporter-output>
        </test-method> <!-- feature -->
        <test-method is-config="true" signature="tearDownClass()[pri:0, instance:cucumberOptions.TestRunner@8317c52]" started-at="2021-12-28T18:15:36Z" name="tearDownClass" finished-at="2021-12-28T18:15:36Z" duration-ms="2" status="PASS">
          <reporter-output>
          </reporter-output>
        </test-method> <!-- tearDownClass -->
      </class> <!-- cucumberOptions.TestRunner -->
    </test> <!-- C:/Users/CRISTIAN SANDU/Desktop/Java IntelliJ/FrameWork -->
  </suite> <!-- All Test Suite -->
</testng-results>
