<?xml version="1.0" encoding="UTF-8"?>
<!-- Generated by org.testng.reporters.JUnitXMLReporter -->
<testsuite hostname="DESKTOP-SCIUUS0" failures="0" tests="3" name="Test2" time="12.75" errors="0" timestamp="21 Dec 2021 13:51:51 GMT">
  <testcase classname="ValidateNavigationBar" name="navBarTest" time="3.294"/>
  <testcase classname="ExtentReporterDemo" name="initialDemo" time="3.408"/>
  <testcase classname="RecoverPasswordTest" name="forgotPassword" time="4.909"/>
</testsuite> <!-- Test2 -->
