<?xml version="1.0" encoding="UTF-8"?>
<!-- Generated by org.testng.reporters.JUnitXMLReporter -->
<testsuite hostname="DESKTOP-SCIUUS0" failures="0" tests="3" name="Command line test" time="5.406" errors="0" timestamp="20 Dec 2021 14:43:52 GMT">
  <testcase classname="HomePageTest" name="basePageNavigation" time="3.987"/>
  <testcase classname="HomePageTest" name="loginPage" time="0.434"/>
  <testcase classname="HomePageTest" name="loginPage" time="0.379"/>
</testsuite> <!-- Command line test -->
